<?xml version="1.0" encoding="UTF-8"?>
<!-- Generated by org.testng.reporters.JUnitXMLReporter -->
<testsuite ignored="0" hostname="LAPTOP-4HIL3QSE" failures="0" tests="5" name="Default test" time="0.13" errors="0" timestamp="2023-01-25T02:27:23 IST">
  <testcase classname="Voss_Ultimate.Ultimateqa_class" name="@BeforeTest setUp" time="-1.674593843539E9">
    <failure type="org.testng.TestNGException" message="
Parameter &amp;apos;browser&amp;apos; is required by BeforeTest on method setUp but has not been marked @Optional or defined
in C:\Users\MADHURI\AppData\Local\Temp\testng-eclipse--405491752\testng-customsuite.xml">
      <![CDATA[org.testng.TestNGException: 
Parameter 'browser' is required by BeforeTest on method setUp but has not been marked @Optional or defined
in C:\Users\MADHURI\AppData\Local\Temp\testng-eclipse--405491752\testng-customsuite.xml
at org.testng.internal.Parameters.createParams(Parameters.java:270)
at org.testng.internal.Parameters.createParametersForMethod(Parameters.java:358)
at org.testng.internal.Parameters.createParameters(Parameters.java:700)
at org.testng.internal.Parameters.createConfigurationParameters(Parameters.java:168)
at org.testng.internal.ConfigInvoker.invokeConfigurations(ConfigInvoker.java:302)
at org.testng.TestRunner.invokeTestConfigurations(TestRunner.java:637)
at org.testng.TestRunner.beforeRun(TestRunner.java:627)
at org.testng.TestRunner.run(TestRunner.java:589)
at org.testng.SuiteRunner.runTest(SuiteRunner.java:377)
at org.testng.SuiteRunner.runSequentially(SuiteRunner.java:371)
at org.testng.SuiteRunner.privateRun(SuiteRunner.java:332)
at org.testng.SuiteRunner.run(SuiteRunner.java:276)
at org.testng.SuiteRunnerWorker.runSuite(SuiteRunnerWorker.java:53)
at org.testng.SuiteRunnerWorker.run(SuiteRunnerWorker.java:96)
at org.testng.TestNG.runSuitesSequentially(TestNG.java:1212)
at org.testng.TestNG.runSuitesLocally(TestNG.java:1134)
at org.testng.TestNG.runSuites(TestNG.java:1063)
at org.testng.TestNG.run(TestNG.java:1031)
at org.testng.remote.AbstractRemoteTestNG.run(AbstractRemoteTestNG.java:115)
at org.testng.remote.RemoteTestNG.initAndRun(RemoteTestNG.java:251)
at org.testng.remote.RemoteTestNG.main(RemoteTestNG.java:77)
]]>
    </failure>
  </testcase> <!-- @BeforeTest setUp -->
  <testcase classname="Voss_Ultimate.Ultimateqa_class" name="@AfterTest tearDown" time="-1.674593843658E9">
    <skipped/>
  </testcase> <!-- @AfterTest tearDown -->
  <testcase classname="Voss_Ultimate.Ultimateqa_class" name="testPageTitle" time="0.0">
    <skipped/>
  </testcase> <!-- testPageTitle -->
  <testcase classname="Voss_Ultimate.Ultimateqa_class" name="testScreenshot" time="0.0">
    <skipped/>
  </testcase> <!-- testScreenshot -->
  <testcase classname="Voss_Ultimate.Ultimateqa_class" name="Login_User_details" time="0.0">
    <skipped/>
  </testcase> <!-- Login_User_details -->
  <testcase classname="Voss_Ultimate.Ultimateqa_class" name="click_Fill_out_Forms" time="0.0">
    <skipped/>
  </testcase> <!-- click_Fill_out_Forms -->
  <testcase classname="Voss_Ultimate.Ultimateqa_class" name="click_on_Fake_Pricing_page" time="0.0">
    <skipped/>
  </testcase> <!-- click_on_Fake_Pricing_page -->
</testsuite> <!-- Default test -->
